<?xml version="1.0" encoding="UTF-8"?>
<testng-results ignored="0" total="2" passed="2" failed="0" skipped="0">
  <reporter-output>
  </reporter-output>
  <suite started-at="2025-01-27T11:40:04 IST" name="Suite" finished-at="2025-01-27T11:42:01 IST" duration-ms="117084">
    <groups>
      <group name="Master">
        <method signature="TC001_AccountRegistrationTest.verify_account_registration()[pri:0, instance:testCases.TC001_AccountRegistrationTest@5a2d131d]" name="verify_account_registration" class="testCases.TC001_AccountRegistrationTest"/>
        <method signature="TC002_LoginTest.verify_login()[pri:0, instance:testCases.TC002_LoginTest@1800a575]" name="verify_login" class="testCases.TC002_LoginTest"/>
      </group> <!-- Master -->
      <group name="Sanity">
        <method signature="TC002_LoginTest.verify_login()[pri:0, instance:testCases.TC002_LoginTest@1800a575]" name="verify_login" class="testCases.TC002_LoginTest"/>
      </group> <!-- Sanity -->
      <group name="Regression">
        <method signature="TC001_AccountRegistrationTest.verify_account_registration()[pri:0, instance:testCases.TC001_AccountRegistrationTest@5a2d131d]" name="verify_account_registration" class="testCases.TC001_AccountRegistrationTest"/>
      </group> <!-- Regression -->
    </groups>
    <test started-at="2025-01-27T11:40:04 IST" name="Master" finished-at="2025-01-27T11:42:01 IST" duration-ms="117084">
      <class name="testCases.TC002_LoginTest">
        <test-method is-config="true" signature="setup(java.lang.String,java.lang.String)[pri:0, instance:testCases.TC002_LoginTest@1800a575]" started-at="2025-01-27T11:41:31 IST" name="setup" finished-at="2025-01-27T11:41:52 IST" duration-ms="20424" status="PASS">
          <params>
            <param index="0">
              <value>
                <![CDATA[windows]]>
              </value>
            </param>
            <param index="1">
              <value>
                <![CDATA[firefox]]>
              </value>
            </param>
          </params>
          <reporter-output>
          </reporter-output>
        </test-method> <!-- setup -->
        <test-method signature="verify_login()[pri:0, instance:testCases.TC002_LoginTest@1800a575]" started-at="2025-01-27T11:41:52 IST" name="verify_login" finished-at="2025-01-27T11:41:58 IST" duration-ms="5789" status="PASS">
          <reporter-output>
          </reporter-output>
        </test-method> <!-- verify_login -->
        <test-method is-config="true" signature="tearDown()[pri:0, instance:testCases.TC002_LoginTest@1800a575]" started-at="2025-01-27T11:41:58 IST" name="tearDown" finished-at="2025-01-27T11:42:01 IST" duration-ms="3170" status="PASS">
          <reporter-output>
          </reporter-output>
        </test-method> <!-- tearDown -->
      </class> <!-- testCases.TC002_LoginTest -->
      <class name="testCases.TC001_AccountRegistrationTest">
        <test-method is-config="true" signature="setup(java.lang.String,java.lang.String)[pri:0, instance:testCases.TC001_AccountRegistrationTest@5a2d131d]" started-at="2025-01-27T11:40:04 IST" name="setup" finished-at="2025-01-27T11:41:08 IST" duration-ms="63832" status="PASS">
          <params>
            <param index="0">
              <value>
                <![CDATA[windows]]>
              </value>
            </param>
            <param index="1">
              <value>
                <![CDATA[firefox]]>
              </value>
            </param>
          </params>
          <reporter-output>
          </reporter-output>
        </test-method> <!-- setup -->
        <test-method signature="verify_account_registration()[pri:0, instance:testCases.TC001_AccountRegistrationTest@5a2d131d]" started-at="2025-01-27T11:41:08 IST" name="verify_account_registration" finished-at="2025-01-27T11:41:20 IST" duration-ms="11998" status="PASS">
          <reporter-output>
          </reporter-output>
        </test-method> <!-- verify_account_registration -->
        <test-method is-config="true" signature="tearDown()[pri:0, instance:testCases.TC001_AccountRegistrationTest@5a2d131d]" started-at="2025-01-27T11:41:20 IST" name="tearDown" finished-at="2025-01-27T11:41:31 IST" duration-ms="10962" status="PASS">
          <reporter-output>
          </reporter-output>
        </test-method> <!-- tearDown -->
      </class> <!-- testCases.TC001_AccountRegistrationTest -->
    </test> <!-- Master -->
  </suite> <!-- Suite -->
</testng-results>
